2024-08-09 23:26:01,035   INFO   TRAIN CV ---------------------------------
2024-08-09 23:26:01,501   INFO   Fold 0, 8145, 2034
2024-08-09 23:29:00,806   INFO   Epoch 0, train_loss 43.0593, train_pauc 0.17, val_loss 7.0040, val_pauc 0.18 --> Best val_pauc 0.18 at epoch 0
2024-08-09 23:31:56,547   INFO   Epoch 1, train_loss 28.7171, train_pauc 0.19, val_loss 6.9342, val_pauc 0.19 --> Best val_pauc 0.19 at epoch 1
2024-08-09 23:34:53,021   INFO   Epoch 2, train_loss 26.6978, train_pauc 0.19, val_loss 7.6917, val_pauc 0.18
2024-08-09 23:37:50,784   INFO   Epoch 3, train_loss 25.6209, train_pauc 0.19, val_loss 7.2986, val_pauc 0.18
2024-08-09 23:40:47,696   INFO   Epoch 4, train_loss 25.5335, train_pauc 0.19, val_loss 7.5780, val_pauc 0.19
2024-08-09 23:43:44,089   INFO   Epoch 5, train_loss 22.9493, train_pauc 0.19, val_loss 8.6014, val_pauc 0.19 --> Best val_pauc 0.19 at epoch 5
2024-08-09 23:46:41,607   INFO   Epoch 6, train_loss 21.3848, train_pauc 0.19, val_loss 7.2633, val_pauc 0.19
2024-08-09 23:49:39,273   INFO   Epoch 7, train_loss 16.8555, train_pauc 0.20, val_loss 7.2295, val_pauc 0.19
2024-08-09 23:52:35,765   INFO   Epoch 8, train_loss 15.3981, train_pauc 0.20, val_loss 8.5563, val_pauc 0.18
2024-08-09 23:55:33,829   INFO   Epoch 9, train_loss 12.2791, train_pauc 0.20, val_loss 10.7063, val_pauc 0.18
2024-08-09 23:58:30,324   INFO   Epoch 10, train_loss 10.1707, train_pauc 0.20, val_loss 10.1514, val_pauc 0.18
2024-08-10 00:01:26,855   INFO   Epoch 11, train_loss 9.8631, train_pauc 0.20, val_loss 11.1356, val_pauc 0.18
2024-08-10 00:04:22,392   INFO   Epoch 12, train_loss 9.1896, train_pauc 0.20, val_loss 12.0846, val_pauc 0.18
2024-08-10 00:07:19,060   INFO   Epoch 13, train_loss 8.1305, train_pauc 0.20, val_loss 11.6043, val_pauc 0.18
2024-08-10 00:10:14,820   INFO   Epoch 14, train_loss 5.5736, train_pauc 0.20, val_loss 21.4303, val_pauc 0.17
2024-08-10 00:13:11,275   INFO   Epoch 15, train_loss 5.1459, train_pauc 0.20, val_loss 16.8728, val_pauc 0.18
2024-08-10 00:16:06,510   INFO   Epoch 16, train_loss 3.3924, train_pauc 0.20, val_loss 13.4925, val_pauc 0.18
2024-08-10 00:19:01,842   INFO   Epoch 17, train_loss 4.3139, train_pauc 0.20, val_loss 12.5030, val_pauc 0.18
2024-08-10 00:21:58,120   INFO   Epoch 18, train_loss 3.2897, train_pauc 0.20, val_loss 14.9975, val_pauc 0.18
2024-08-10 00:24:54,454   INFO   Epoch 19, train_loss 8.0725, train_pauc 0.20, val_loss 10.7424, val_pauc 0.18
2024-08-10 00:27:50,422   INFO   Epoch 20, train_loss 4.3416, train_pauc 0.20, val_loss 14.3236, val_pauc 0.18
2024-08-10 00:30:45,022   INFO   Epoch 21, train_loss 3.9042, train_pauc 0.20, val_loss 19.5221, val_pauc 0.18
2024-08-10 00:33:40,997   INFO   Epoch 22, train_loss 4.6378, train_pauc 0.20, val_loss 14.3482, val_pauc 0.18
2024-08-10 00:36:36,946   INFO   Epoch 23, train_loss 2.7392, train_pauc 0.20, val_loss 15.2035, val_pauc 0.18
2024-08-10 00:39:32,271   INFO   Epoch 24, train_loss 1.8623, train_pauc 0.20, val_loss 20.3818, val_pauc 0.18
2024-08-10 00:42:28,162   INFO   Epoch 25, train_loss 3.8965, train_pauc 0.20, val_loss 16.2137, val_pauc 0.17
2024-08-10 00:45:23,150   INFO   Epoch 26, train_loss 2.7895, train_pauc 0.20, val_loss 17.1097, val_pauc 0.17
2024-08-10 00:48:18,143   INFO   Epoch 27, train_loss 5.3188, train_pauc 0.20, val_loss 15.7645, val_pauc 0.18
2024-08-10 00:51:13,495   INFO   Epoch 28, train_loss 1.8469, train_pauc 0.20, val_loss 16.7692, val_pauc 0.18
2024-08-10 00:54:09,042   INFO   Epoch 29, train_loss 1.8929, train_pauc 0.20, val_loss 16.7439, val_pauc 0.17
2024-08-10 00:54:09,494   INFO   Fold 1, 8142, 2037
2024-08-10 00:57:10,069   INFO   Epoch 0, train_loss 41.9202, train_pauc 0.17, val_loss 7.9524, val_pauc 0.18 --> Best val_pauc 0.18 at epoch 0
2024-08-10 01:00:06,995   INFO   Epoch 1, train_loss 31.5237, train_pauc 0.18, val_loss 8.3604, val_pauc 0.19 --> Best val_pauc 0.19 at epoch 1
2024-08-10 01:03:02,225   INFO   Epoch 2, train_loss 28.1982, train_pauc 0.19, val_loss 8.0315, val_pauc 0.18
2024-08-10 01:05:58,318   INFO   Epoch 3, train_loss 27.5694, train_pauc 0.19, val_loss 6.6984, val_pauc 0.19 --> Best val_pauc 0.19 at epoch 3
2024-08-10 01:08:53,425   INFO   Epoch 4, train_loss 24.7166, train_pauc 0.19, val_loss 6.6557, val_pauc 0.19 --> Best val_pauc 0.19 at epoch 4
2024-08-10 01:11:48,142   INFO   Epoch 5, train_loss 29.3174, train_pauc 0.19, val_loss 10.6561, val_pauc 0.18
2024-08-10 01:14:43,217   INFO   Epoch 6, train_loss 26.4923, train_pauc 0.19, val_loss 9.4781, val_pauc 0.18
2024-08-10 01:17:38,697   INFO   Epoch 7, train_loss 18.5168, train_pauc 0.20, val_loss 6.8205, val_pauc 0.19
2024-08-10 01:20:33,754   INFO   Epoch 8, train_loss 15.0992, train_pauc 0.20, val_loss 9.8210, val_pauc 0.19
2024-08-10 01:23:29,804   INFO   Epoch 9, train_loss 12.5271, train_pauc 0.20, val_loss 8.9350, val_pauc 0.19
2024-08-10 01:26:25,161   INFO   Epoch 10, train_loss 13.8169, train_pauc 0.20, val_loss 9.9979, val_pauc 0.18
2024-08-10 01:29:20,636   INFO   Epoch 11, train_loss 18.0256, train_pauc 0.20, val_loss 8.0872, val_pauc 0.19
2024-08-10 01:32:16,420   INFO   Epoch 12, train_loss 8.8333, train_pauc 0.20, val_loss 9.9172, val_pauc 0.19
2024-08-10 01:35:10,927   INFO   Epoch 13, train_loss 8.5710, train_pauc 0.20, val_loss 10.8421, val_pauc 0.18
2024-08-10 01:38:05,865   INFO   Epoch 14, train_loss 7.9314, train_pauc 0.20, val_loss 10.7352, val_pauc 0.18
2024-08-10 01:41:00,021   INFO   Epoch 15, train_loss 6.5489, train_pauc 0.20, val_loss 14.4593, val_pauc 0.18
2024-08-10 01:43:56,233   INFO   Epoch 16, train_loss 6.0654, train_pauc 0.20, val_loss 14.3413, val_pauc 0.18
2024-08-10 01:46:51,985   INFO   Epoch 17, train_loss 8.4326, train_pauc 0.20, val_loss 9.8785, val_pauc 0.19
2024-08-10 01:49:48,013   INFO   Epoch 18, train_loss 4.1569, train_pauc 0.20, val_loss 13.9912, val_pauc 0.18
2024-08-10 01:52:42,556   INFO   Epoch 19, train_loss 4.3676, train_pauc 0.20, val_loss 17.3336, val_pauc 0.18
2024-08-10 01:55:37,399   INFO   Epoch 20, train_loss 4.5285, train_pauc 0.20, val_loss 12.3688, val_pauc 0.18
2024-08-10 01:58:32,380   INFO   Epoch 21, train_loss 7.6887, train_pauc 0.20, val_loss 13.5555, val_pauc 0.19
2024-08-10 02:01:28,283   INFO   Epoch 22, train_loss 4.6091, train_pauc 0.20, val_loss 15.6915, val_pauc 0.18
2024-08-10 02:04:22,864   INFO   Epoch 23, train_loss 4.6747, train_pauc 0.20, val_loss 11.7423, val_pauc 0.19
2024-08-10 02:07:19,140   INFO   Epoch 24, train_loss 3.3414, train_pauc 0.20, val_loss 15.5432, val_pauc 0.18
2024-08-10 02:10:14,864   INFO   Epoch 25, train_loss 2.4675, train_pauc 0.20, val_loss 14.8456, val_pauc 0.19
2024-08-10 02:13:10,754   INFO   Epoch 26, train_loss 2.7716, train_pauc 0.20, val_loss 13.7939, val_pauc 0.18
2024-08-10 02:16:06,147   INFO   Epoch 27, train_loss 3.2836, train_pauc 0.20, val_loss 20.9326, val_pauc 0.18
2024-08-10 02:19:01,626   INFO   Epoch 28, train_loss 5.5066, train_pauc 0.20, val_loss 11.1345, val_pauc 0.18
2024-08-10 02:21:57,792   INFO   Epoch 29, train_loss 3.2903, train_pauc 0.20, val_loss 18.4952, val_pauc 0.18
2024-08-10 02:21:58,206   INFO   Fold 2, 8142, 2037
2024-08-10 02:24:58,725   INFO   Epoch 0, train_loss 43.9576, train_pauc 0.17, val_loss 7.9227, val_pauc 0.19 --> Best val_pauc 0.19 at epoch 0
2024-08-10 02:27:53,661   INFO   Epoch 1, train_loss 32.3601, train_pauc 0.18, val_loss 8.3734, val_pauc 0.18
2024-08-10 02:30:50,293   INFO   Epoch 2, train_loss 28.5358, train_pauc 0.19, val_loss 9.8796, val_pauc 0.18
2024-08-10 02:33:46,176   INFO   Epoch 3, train_loss 24.0609, train_pauc 0.19, val_loss 6.8395, val_pauc 0.19 --> Best val_pauc 0.19 at epoch 3
2024-08-10 02:36:42,008   INFO   Epoch 4, train_loss 28.2148, train_pauc 0.19, val_loss 7.3699, val_pauc 0.18
2024-08-10 02:39:36,884   INFO   Epoch 5, train_loss 24.6050, train_pauc 0.19, val_loss 7.6479, val_pauc 0.18
2024-08-10 02:42:34,484   INFO   Epoch 6, train_loss 19.4456, train_pauc 0.19, val_loss 6.6835, val_pauc 0.19
2024-08-10 02:45:29,300   INFO   Epoch 7, train_loss 17.1313, train_pauc 0.20, val_loss 7.4307, val_pauc 0.19
2024-08-10 02:48:25,575   INFO   Epoch 8, train_loss 14.7362, train_pauc 0.20, val_loss 11.0555, val_pauc 0.18
2024-08-10 02:51:21,110   INFO   Epoch 9, train_loss 14.7344, train_pauc 0.20, val_loss 8.9269, val_pauc 0.18
2024-08-10 02:54:17,254   INFO   Epoch 10, train_loss 18.6485, train_pauc 0.20, val_loss 8.6437, val_pauc 0.18
2024-08-10 02:57:13,910   INFO   Epoch 11, train_loss 9.8667, train_pauc 0.20, val_loss 10.9594, val_pauc 0.18
2024-08-10 03:00:10,643   INFO   Epoch 12, train_loss 7.5871, train_pauc 0.20, val_loss 17.4345, val_pauc 0.18
2024-08-10 03:03:05,099   INFO   Epoch 13, train_loss 7.4503, train_pauc 0.20, val_loss 11.4217, val_pauc 0.18
2024-08-10 03:06:02,235   INFO   Epoch 14, train_loss 6.5314, train_pauc 0.20, val_loss 16.4300, val_pauc 0.18
2024-08-10 03:08:58,794   INFO   Epoch 15, train_loss 7.5893, train_pauc 0.20, val_loss 13.9299, val_pauc 0.17
2024-08-10 03:11:56,069   INFO   Epoch 16, train_loss 7.3983, train_pauc 0.20, val_loss 14.7252, val_pauc 0.18
2024-08-10 03:14:52,004   INFO   Epoch 17, train_loss 7.8549, train_pauc 0.20, val_loss 23.0727, val_pauc 0.17
2024-08-10 03:17:48,092   INFO   Epoch 18, train_loss 11.2010, train_pauc 0.20, val_loss 11.5797, val_pauc 0.18
2024-08-10 03:20:44,104   INFO   Epoch 19, train_loss 3.3778, train_pauc 0.20, val_loss 15.8642, val_pauc 0.18
2024-08-10 03:23:39,429   INFO   Epoch 20, train_loss 4.7341, train_pauc 0.20, val_loss 17.0123, val_pauc 0.18
2024-08-10 03:26:36,724   INFO   Epoch 21, train_loss 6.6829, train_pauc 0.20, val_loss 17.4052, val_pauc 0.18
2024-08-10 03:29:33,285   INFO   Epoch 22, train_loss 5.3631, train_pauc 0.20, val_loss 14.2374, val_pauc 0.18
2024-08-10 03:32:29,337   INFO   Epoch 23, train_loss 1.8709, train_pauc 0.20, val_loss 22.4083, val_pauc 0.18
2024-08-10 03:35:24,434   INFO   Epoch 24, train_loss 3.0035, train_pauc 0.20, val_loss 18.7716, val_pauc 0.18
2024-08-10 03:38:19,844   INFO   Epoch 25, train_loss 3.1882, train_pauc 0.20, val_loss 14.2021, val_pauc 0.18
2024-08-10 03:41:15,902   INFO   Epoch 26, train_loss 2.8253, train_pauc 0.20, val_loss 22.1240, val_pauc 0.17
2024-08-10 03:44:12,531   INFO   Epoch 27, train_loss 3.8431, train_pauc 0.20, val_loss 16.6952, val_pauc 0.17
2024-08-10 03:47:08,886   INFO   Epoch 28, train_loss 6.4986, train_pauc 0.20, val_loss 16.7434, val_pauc 0.18
2024-08-10 03:50:06,227   INFO   Epoch 29, train_loss 5.8991, train_pauc 0.20, val_loss 13.3882, val_pauc 0.18
2024-08-10 03:50:06,649   INFO   Fold 3, 8142, 2037
2024-08-10 03:52:59,629   INFO   Epoch 0, train_loss 40.6748, train_pauc 0.17, val_loss 12.1617, val_pauc 0.18 --> Best val_pauc 0.18 at epoch 0
2024-08-10 03:55:47,947   INFO   Epoch 1, train_loss 31.9032, train_pauc 0.18, val_loss 9.0167, val_pauc 0.18
2024-08-10 03:58:37,952   INFO   Epoch 2, train_loss 27.0582, train_pauc 0.19, val_loss 9.2771, val_pauc 0.18 --> Best val_pauc 0.18 at epoch 2
2024-08-10 04:01:26,622   INFO   Epoch 3, train_loss 27.0991, train_pauc 0.19, val_loss 12.0315, val_pauc 0.18 --> Best val_pauc 0.18 at epoch 3
2024-08-10 04:04:17,966   INFO   Epoch 4, train_loss 24.9222, train_pauc 0.19, val_loss 7.9153, val_pauc 0.19 --> Best val_pauc 0.19 at epoch 4
2024-08-10 04:07:07,366   INFO   Epoch 5, train_loss 21.5304, train_pauc 0.19, val_loss 8.9712, val_pauc 0.18
2024-08-10 04:09:56,058   INFO   Epoch 6, train_loss 24.7363, train_pauc 0.19, val_loss 7.9460, val_pauc 0.19 --> Best val_pauc 0.19 at epoch 6
2024-08-10 04:12:45,510   INFO   Epoch 7, train_loss 18.2686, train_pauc 0.20, val_loss 8.9712, val_pauc 0.18
2024-08-10 04:15:34,043   INFO   Epoch 8, train_loss 14.5756, train_pauc 0.20, val_loss 16.8085, val_pauc 0.18
2024-08-10 04:18:23,941   INFO   Epoch 9, train_loss 16.0465, train_pauc 0.20, val_loss 11.5896, val_pauc 0.17
2024-08-10 04:21:13,358   INFO   Epoch 10, train_loss 14.7315, train_pauc 0.20, val_loss 13.3325, val_pauc 0.17
2024-08-10 04:24:03,256   INFO   Epoch 11, train_loss 9.6984, train_pauc 0.20, val_loss 34.9145, val_pauc 0.16
2024-08-10 04:26:53,434   INFO   Epoch 12, train_loss 11.3301, train_pauc 0.20, val_loss 15.3110, val_pauc 0.18
2024-08-10 04:29:43,823   INFO   Epoch 13, train_loss 6.2870, train_pauc 0.20, val_loss 22.3176, val_pauc 0.17
2024-08-10 04:32:34,503   INFO   Epoch 14, train_loss 8.5014, train_pauc 0.20, val_loss 9.8370, val_pauc 0.18
2024-08-10 04:35:24,222   INFO   Epoch 15, train_loss 5.7211, train_pauc 0.20, val_loss 16.9683, val_pauc 0.18
2024-08-10 04:38:14,137   INFO   Epoch 16, train_loss 5.3644, train_pauc 0.20, val_loss 18.2336, val_pauc 0.17
2024-08-10 04:41:03,730   INFO   Epoch 17, train_loss 3.7031, train_pauc 0.20, val_loss 17.5831, val_pauc 0.18
2024-08-10 04:43:54,055   INFO   Epoch 18, train_loss 10.7437, train_pauc 0.20, val_loss 11.9556, val_pauc 0.18
2024-08-10 04:46:43,493   INFO   Epoch 19, train_loss 3.8060, train_pauc 0.20, val_loss 21.1030, val_pauc 0.17
2024-08-10 04:49:33,122   INFO   Epoch 20, train_loss 3.8235, train_pauc 0.20, val_loss 15.3006, val_pauc 0.18
2024-08-10 04:52:22,883   INFO   Epoch 21, train_loss 1.5439, train_pauc 0.20, val_loss 17.3674, val_pauc 0.18
2024-08-10 04:55:12,099   INFO   Epoch 22, train_loss 3.0270, train_pauc 0.20, val_loss 17.7926, val_pauc 0.17
2024-08-10 04:58:01,249   INFO   Epoch 23, train_loss 6.7588, train_pauc 0.20, val_loss 15.9458, val_pauc 0.18
2024-08-10 05:00:50,577   INFO   Epoch 24, train_loss 4.5760, train_pauc 0.20, val_loss 19.8068, val_pauc 0.17
2024-08-10 05:03:40,817   INFO   Epoch 25, train_loss 4.6350, train_pauc 0.20, val_loss 23.1811, val_pauc 0.18
2024-08-10 05:06:30,512   INFO   Epoch 26, train_loss 2.2809, train_pauc 0.20, val_loss 19.5432, val_pauc 0.18
2024-08-10 05:09:20,224   INFO   Epoch 27, train_loss 2.3053, train_pauc 0.20, val_loss 26.7040, val_pauc 0.18
2024-08-10 05:12:09,573   INFO   Epoch 28, train_loss 3.2001, train_pauc 0.20, val_loss 22.3609, val_pauc 0.17
2024-08-10 05:14:59,701   INFO   Epoch 29, train_loss 6.3192, train_pauc 0.20, val_loss 12.2396, val_pauc 0.18
2024-08-10 05:15:00,163   INFO   Fold 4, 8145, 2034
2024-08-10 05:18:02,643   INFO   Epoch 0, train_loss 46.7129, train_pauc 0.17, val_loss 8.4794, val_pauc 0.18 --> Best val_pauc 0.18 at epoch 0
2024-08-10 05:21:00,613   INFO   Epoch 1, train_loss 33.1686, train_pauc 0.18, val_loss 7.0531, val_pauc 0.19 --> Best val_pauc 0.19 at epoch 1
2024-08-10 05:23:56,359   INFO   Epoch 2, train_loss 30.5991, train_pauc 0.18, val_loss 6.5099, val_pauc 0.19
2024-08-10 05:26:53,415   INFO   Epoch 3, train_loss 28.0719, train_pauc 0.19, val_loss 9.2981, val_pauc 0.18
2024-08-10 05:29:50,378   INFO   Epoch 4, train_loss 25.1629, train_pauc 0.19, val_loss 6.6431, val_pauc 0.19
2024-08-10 05:32:47,811   INFO   Epoch 5, train_loss 27.4073, train_pauc 0.19, val_loss 12.6696, val_pauc 0.18
2024-08-10 05:35:46,315   INFO   Epoch 6, train_loss 25.3536, train_pauc 0.19, val_loss 11.6365, val_pauc 0.19
2024-08-10 05:38:46,739   INFO   Epoch 7, train_loss 20.7500, train_pauc 0.19, val_loss 6.3600, val_pauc 0.19
2024-08-10 05:41:49,775   INFO   Epoch 8, train_loss 16.9800, train_pauc 0.20, val_loss 6.3721, val_pauc 0.19
2024-08-10 05:44:52,565   INFO   Epoch 9, train_loss 19.7250, train_pauc 0.19, val_loss 6.8395, val_pauc 0.19
2024-08-10 05:47:50,841   INFO   Epoch 10, train_loss 13.9644, train_pauc 0.20, val_loss 8.0483, val_pauc 0.18
2024-08-10 05:50:48,115   INFO   Epoch 11, train_loss 13.7583, train_pauc 0.20, val_loss 7.3643, val_pauc 0.18
2024-08-10 05:53:47,316   INFO   Epoch 12, train_loss 9.1537, train_pauc 0.20, val_loss 9.6682, val_pauc 0.18
2024-08-10 05:56:44,785   INFO   Epoch 13, train_loss 8.9282, train_pauc 0.20, val_loss 10.1656, val_pauc 0.18
2024-08-10 05:59:42,787   INFO   Epoch 14, train_loss 8.7477, train_pauc 0.20, val_loss 10.9184, val_pauc 0.18
2024-08-10 06:02:39,502   INFO   Epoch 15, train_loss 7.9152, train_pauc 0.20, val_loss 10.9915, val_pauc 0.18
2024-08-10 06:05:37,508   INFO   Epoch 16, train_loss 5.5858, train_pauc 0.20, val_loss 16.3376, val_pauc 0.18
2024-08-10 06:08:35,125   INFO   Epoch 17, train_loss 5.4520, train_pauc 0.20, val_loss 12.1076, val_pauc 0.18
2024-08-10 06:11:32,686   INFO   Epoch 18, train_loss 5.4337, train_pauc 0.20, val_loss 15.8957, val_pauc 0.18
2024-08-10 06:14:30,368   INFO   Epoch 19, train_loss 4.2314, train_pauc 0.20, val_loss 14.9970, val_pauc 0.18
2024-08-10 06:17:29,423   INFO   Epoch 20, train_loss 4.6334, train_pauc 0.20, val_loss 12.1609, val_pauc 0.18
2024-08-10 06:20:26,458   INFO   Epoch 21, train_loss 3.9352, train_pauc 0.20, val_loss 14.8577, val_pauc 0.18
2024-08-10 06:23:25,150   INFO   Epoch 22, train_loss 4.6365, train_pauc 0.20, val_loss 13.2803, val_pauc 0.18
2024-08-10 06:26:22,307   INFO   Epoch 23, train_loss 3.0256, train_pauc 0.20, val_loss 10.2217, val_pauc 0.19 --> Best val_pauc 0.19 at epoch 23
2024-08-10 06:29:20,032   INFO   Epoch 24, train_loss 1.2099, train_pauc 0.20, val_loss 16.4554, val_pauc 0.18
2024-08-10 06:32:17,363   INFO   Epoch 25, train_loss 3.6241, train_pauc 0.20, val_loss 15.7165, val_pauc 0.18
2024-08-10 06:35:14,919   INFO   Epoch 26, train_loss 4.2292, train_pauc 0.20, val_loss 16.5395, val_pauc 0.18
2024-08-10 06:38:13,168   INFO   Epoch 27, train_loss 1.8496, train_pauc 0.20, val_loss 17.7316, val_pauc 0.18
2024-08-10 06:41:11,289   INFO   Epoch 28, train_loss 5.7977, train_pauc 0.20, val_loss 9.0360, val_pauc 0.18
2024-08-10 06:44:08,084   INFO   Epoch 29, train_loss 2.9653, train_pauc 0.20, val_loss 16.2794, val_pauc 0.18
2024-08-10 06:44:08,084   INFO   TRAIN ALL---------------------------------
2024-08-10 06:47:06,334   INFO   8142, 2037
2024-08-10 06:50:01,301   INFO   Epoch 0, train_loss 43.5124, train_pauc 0.17, val_loss 8.8254, val_pauc 0.18 --> Best val_pauc 0.18 at epoch 0
2024-08-10 06:52:51,679   INFO   Epoch 1, train_loss 31.1689, train_pauc 0.18, val_loss 7.5051, val_pauc 0.19 --> Best val_pauc 0.19 at epoch 1
2024-08-10 06:55:41,840   INFO   Epoch 2, train_loss 28.9983, train_pauc 0.19, val_loss 8.6947, val_pauc 0.19 --> Best val_pauc 0.19 at epoch 2
2024-08-10 06:58:32,044   INFO   Epoch 3, train_loss 26.5462, train_pauc 0.19, val_loss 8.5864, val_pauc 0.18
2024-08-10 07:01:23,764   INFO   Epoch 4, train_loss 25.0815, train_pauc 0.19, val_loss 9.5723, val_pauc 0.18
2024-08-10 07:04:13,774   INFO   Epoch 5, train_loss 22.0905, train_pauc 0.19, val_loss 11.3098, val_pauc 0.18
2024-08-10 07:07:05,940   INFO   Epoch 6, train_loss 18.2001, train_pauc 0.20, val_loss 6.8922, val_pauc 0.19 --> Best val_pauc 0.19 at epoch 6
2024-08-10 07:09:57,304   INFO   Epoch 7, train_loss 14.7349, train_pauc 0.20, val_loss 8.6253, val_pauc 0.18
2024-08-10 07:12:50,895   INFO   Epoch 8, train_loss 16.5690, train_pauc 0.20, val_loss 11.4400, val_pauc 0.17
2024-08-10 07:15:42,477   INFO   Epoch 9, train_loss 13.7261, train_pauc 0.20, val_loss 9.7692, val_pauc 0.18
2024-08-10 07:18:36,081   INFO   Epoch 10, train_loss 8.3384, train_pauc 0.20, val_loss 9.4549, val_pauc 0.18
2024-08-10 07:21:40,190   INFO   Epoch 11, train_loss 8.2008, train_pauc 0.20, val_loss 10.9609, val_pauc 0.18
2024-08-10 07:24:31,599   INFO   Epoch 12, train_loss 8.7359, train_pauc 0.20, val_loss 15.7534, val_pauc 0.18
2024-08-10 07:27:24,756   INFO   Epoch 13, train_loss 5.5416, train_pauc 0.20, val_loss 13.8328, val_pauc 0.18
2024-08-10 07:30:16,500   INFO   Epoch 14, train_loss 4.2211, train_pauc 0.20, val_loss 17.3696, val_pauc 0.18
2024-08-10 07:33:07,910   INFO   Epoch 15, train_loss 5.2420, train_pauc 0.20, val_loss 13.7745, val_pauc 0.18
2024-08-10 07:36:00,967   INFO   Epoch 16, train_loss 3.9044, train_pauc 0.20, val_loss 14.0770, val_pauc 0.18
2024-08-10 07:38:54,621   INFO   Epoch 17, train_loss 3.6937, train_pauc 0.20, val_loss 16.9511, val_pauc 0.18
2024-08-10 07:41:45,699   INFO   Epoch 18, train_loss 6.0683, train_pauc 0.20, val_loss 18.0555, val_pauc 0.17
2024-08-10 07:44:41,565   INFO   Epoch 19, train_loss 6.1357, train_pauc 0.20, val_loss 13.0818, val_pauc 0.18
2024-08-10 07:47:35,030   INFO   Epoch 20, train_loss 3.4077, train_pauc 0.20, val_loss 15.8116, val_pauc 0.18
2024-08-10 07:50:30,588   INFO   Epoch 21, train_loss 3.5494, train_pauc 0.20, val_loss 19.3073, val_pauc 0.18
2024-08-10 07:53:23,361   INFO   Epoch 22, train_loss 2.5260, train_pauc 0.20, val_loss 15.7570, val_pauc 0.18
2024-08-10 07:56:16,176   INFO   Epoch 23, train_loss 3.6141, train_pauc 0.20, val_loss 13.7228, val_pauc 0.18
2024-08-10 07:59:06,919   INFO   Epoch 24, train_loss 3.8689, train_pauc 0.20, val_loss 11.1314, val_pauc 0.18
2024-08-10 08:01:59,862   INFO   Epoch 25, train_loss 5.0419, train_pauc 0.20, val_loss 13.4745, val_pauc 0.18
2024-08-10 08:04:52,703   INFO   Epoch 26, train_loss 3.8241, train_pauc 0.20, val_loss 19.0890, val_pauc 0.18
2024-08-10 08:07:45,918   INFO   Epoch 27, train_loss 1.6228, train_pauc 0.20, val_loss 18.8001, val_pauc 0.18
2024-08-10 08:10:37,492   INFO   Epoch 28, train_loss 3.1045, train_pauc 0.20, val_loss 11.8648, val_pauc 0.18
2024-08-10 08:13:30,169   INFO   Epoch 29, train_loss 1.8736, train_pauc 0.20, val_loss 15.7594, val_pauc 0.18
