2024-08-13 22:21:28,302   INFO   Epoch 0, train_loss 80.2882, train_pauc 0.08, val_loss 17.2092, val_pauc 0.11 --> Best val_pauc 0.11 at epoch 0
2024-08-13 22:24:27,165   INFO   Epoch 1, train_loss 68.4384, train_pauc 0.11, val_loss 16.2914, val_pauc 0.12 --> Best val_pauc 0.12 at epoch 1
2024-08-13 22:27:26,433   INFO   Epoch 2, train_loss 60.7259, train_pauc 0.12, val_loss 11.6293, val_pauc 0.15 --> Best val_pauc 0.15 at epoch 2
2024-08-13 22:30:41,422   INFO   Epoch 3, train_loss 54.4506, train_pauc 0.13, val_loss 14.8634, val_pauc 0.15
2024-08-13 22:33:59,049   INFO   Epoch 4, train_loss 57.0639, train_pauc 0.13, val_loss 11.4720, val_pauc 0.16 --> Best val_pauc 0.16 at epoch 4
2024-08-13 22:37:19,220   INFO   Epoch 5, train_loss 48.1668, train_pauc 0.15, val_loss 10.3725, val_pauc 0.16
2024-08-13 22:40:36,549   INFO   Epoch 6, train_loss 47.6738, train_pauc 0.15, val_loss 10.2031, val_pauc 0.15
2024-08-13 22:43:53,028   INFO   Epoch 7, train_loss 49.5181, train_pauc 0.14, val_loss 9.7256, val_pauc 0.16
2024-08-13 22:47:12,849   INFO   Epoch 8, train_loss 45.7523, train_pauc 0.15, val_loss 9.5293, val_pauc 0.16
2024-08-13 22:50:23,075   INFO   Epoch 9, train_loss 40.7767, train_pauc 0.16, val_loss 9.1560, val_pauc 0.17 --> Best val_pauc 0.17 at epoch 9
2024-08-13 22:53:19,248   INFO   Epoch 10, train_loss 41.5107, train_pauc 0.16, val_loss 8.7392, val_pauc 0.16
2024-08-13 22:56:16,691   INFO   Epoch 11, train_loss 42.1929, train_pauc 0.15, val_loss 7.8387, val_pauc 0.17 --> Best val_pauc 0.17 at epoch 11
2024-08-13 22:59:13,314   INFO   Epoch 12, train_loss 43.0017, train_pauc 0.16, val_loss 9.4372, val_pauc 0.16
2024-08-13 23:02:11,539   INFO   Epoch 13, train_loss 39.8455, train_pauc 0.16, val_loss 8.3806, val_pauc 0.17
2024-08-13 23:05:09,064   INFO   Epoch 14, train_loss 38.3374, train_pauc 0.16, val_loss 8.0699, val_pauc 0.18 --> Best val_pauc 0.18 at epoch 14
2024-08-13 23:08:05,854   INFO   Epoch 15, train_loss 40.1717, train_pauc 0.16, val_loss 9.7346, val_pauc 0.16
2024-08-13 23:11:02,219   INFO   Epoch 16, train_loss 39.5229, train_pauc 0.16, val_loss 8.0943, val_pauc 0.17
2024-08-13 23:13:58,749   INFO   Epoch 17, train_loss 40.8680, train_pauc 0.16, val_loss 8.4060, val_pauc 0.17
2024-08-13 23:16:54,127   INFO   Epoch 18, train_loss 37.5269, train_pauc 0.16, val_loss 8.4781, val_pauc 0.17
2024-08-13 23:19:50,607   INFO   Epoch 19, train_loss 38.1531, train_pauc 0.16, val_loss 7.5682, val_pauc 0.17
2024-08-13 23:22:47,284   INFO   Epoch 20, train_loss 35.6860, train_pauc 0.17, val_loss 8.9047, val_pauc 0.17
2024-08-13 23:25:44,490   INFO   Epoch 21, train_loss 35.4673, train_pauc 0.17, val_loss 8.5511, val_pauc 0.17
2024-08-13 23:28:42,056   INFO   Epoch 22, train_loss 35.8977, train_pauc 0.17, val_loss 7.7885, val_pauc 0.18 --> Best val_pauc 0.18 at epoch 22
2024-08-13 23:31:39,902   INFO   Epoch 23, train_loss 35.1237, train_pauc 0.16, val_loss 7.4006, val_pauc 0.18 --> Best val_pauc 0.18 at epoch 23
2024-08-13 23:34:37,017   INFO   Epoch 24, train_loss 32.2115, train_pauc 0.17, val_loss 7.7206, val_pauc 0.17
2024-08-13 23:37:32,520   INFO   Epoch 25, train_loss 35.2678, train_pauc 0.17, val_loss 7.8146, val_pauc 0.17
2024-08-13 23:40:29,833   INFO   Epoch 26, train_loss 33.2005, train_pauc 0.17, val_loss 8.6771, val_pauc 0.17
2024-08-13 23:43:26,006   INFO   Epoch 27, train_loss 35.4344, train_pauc 0.17, val_loss 8.7493, val_pauc 0.17
2024-08-13 23:46:23,068   INFO   Epoch 28, train_loss 34.5896, train_pauc 0.17, val_loss 8.5196, val_pauc 0.17
2024-08-13 23:49:19,223   INFO   Epoch 29, train_loss 30.9848, train_pauc 0.17, val_loss 8.0098, val_pauc 0.17
2024-08-13 23:49:19,609   INFO   Fold 1
2024-08-13 23:52:16,594   INFO   Epoch 0, train_loss 78.3624, train_pauc 0.09, val_loss 14.4218, val_pauc 0.14 --> Best val_pauc 0.14 at epoch 0
2024-08-13 23:55:11,905   INFO   Epoch 1, train_loss 59.2431, train_pauc 0.13, val_loss 16.8556, val_pauc 0.14
2024-08-13 23:58:06,964   INFO   Epoch 2, train_loss 65.1414, train_pauc 0.12, val_loss 31.1948, val_pauc 0.12
2024-08-14 00:01:02,844   INFO   Epoch 3, train_loss 79.8139, train_pauc 0.09, val_loss 15.1049, val_pauc 0.12
2024-08-14 00:03:58,568   INFO   Epoch 4, train_loss 64.7279, train_pauc 0.11, val_loss 14.2823, val_pauc 0.14
2024-08-14 00:06:55,350   INFO   Epoch 5, train_loss 56.6883, train_pauc 0.13, val_loss 14.3841, val_pauc 0.14
2024-08-14 00:09:52,253   INFO   Epoch 6, train_loss 53.2542, train_pauc 0.14, val_loss 10.9736, val_pauc 0.16 --> Best val_pauc 0.16 at epoch 6
2024-08-14 00:12:48,307   INFO   Epoch 7, train_loss 48.0174, train_pauc 0.15, val_loss 9.2720, val_pauc 0.17 --> Best val_pauc 0.17 at epoch 7
2024-08-14 00:15:43,314   INFO   Epoch 8, train_loss 47.2676, train_pauc 0.15, val_loss 9.4424, val_pauc 0.16
2024-08-14 00:18:38,434   INFO   Epoch 9, train_loss 47.3274, train_pauc 0.15, val_loss 12.8912, val_pauc 0.15
2024-08-14 00:21:33,547   INFO   Epoch 10, train_loss 46.7870, train_pauc 0.15, val_loss 9.5541, val_pauc 0.17
2024-08-14 00:24:29,437   INFO   Epoch 11, train_loss 41.1670, train_pauc 0.16, val_loss 8.6038, val_pauc 0.17 --> Best val_pauc 0.17 at epoch 11
2024-08-14 00:27:25,838   INFO   Epoch 12, train_loss 43.0695, train_pauc 0.15, val_loss 8.3550, val_pauc 0.18 --> Best val_pauc 0.18 at epoch 12
2024-08-14 00:30:22,483   INFO   Epoch 13, train_loss 43.4366, train_pauc 0.15, val_loss 9.8276, val_pauc 0.17
2024-08-14 00:33:19,100   INFO   Epoch 14, train_loss 43.7461, train_pauc 0.15, val_loss 9.1244, val_pauc 0.17
2024-08-14 00:36:14,537   INFO   Epoch 15, train_loss 40.7017, train_pauc 0.16, val_loss 8.5907, val_pauc 0.18 --> Best val_pauc 0.18 at epoch 15
2024-08-14 00:39:11,263   INFO   Epoch 16, train_loss 41.0101, train_pauc 0.16, val_loss 7.5030, val_pauc 0.18 --> Best val_pauc 0.18 at epoch 16
2024-08-14 00:42:07,247   INFO   Epoch 17, train_loss 40.3218, train_pauc 0.16, val_loss 8.5706, val_pauc 0.17
2024-08-14 00:45:02,431   INFO   Epoch 18, train_loss 39.0946, train_pauc 0.16, val_loss 7.7234, val_pauc 0.18
2024-08-14 00:47:57,740   INFO   Epoch 19, train_loss 38.3180, train_pauc 0.16, val_loss 9.2762, val_pauc 0.17
2024-08-14 00:50:53,487   INFO   Epoch 20, train_loss 39.8284, train_pauc 0.16, val_loss 8.8698, val_pauc 0.18
2024-08-14 00:53:49,368   INFO   Epoch 21, train_loss 38.3240, train_pauc 0.16, val_loss 8.1619, val_pauc 0.18 --> Best val_pauc 0.18 at epoch 21
2024-08-14 00:56:44,512   INFO   Epoch 22, train_loss 38.5003, train_pauc 0.16, val_loss 7.0695, val_pauc 0.18 --> Best val_pauc 0.18 at epoch 22
2024-08-14 00:59:39,032   INFO   Epoch 23, train_loss 37.1236, train_pauc 0.17, val_loss 7.5567, val_pauc 0.18
2024-08-14 01:02:34,076   INFO   Epoch 24, train_loss 38.2987, train_pauc 0.16, val_loss 7.4441, val_pauc 0.18
2024-08-14 01:05:28,939   INFO   Epoch 25, train_loss 38.6163, train_pauc 0.16, val_loss 8.2691, val_pauc 0.18
2024-08-14 01:08:25,340   INFO   Epoch 26, train_loss 36.4134, train_pauc 0.16, val_loss 6.7941, val_pauc 0.18 --> Best val_pauc 0.18 at epoch 26
2024-08-14 01:11:19,391   INFO   Epoch 27, train_loss 36.6619, train_pauc 0.17, val_loss 7.4297, val_pauc 0.18
2024-08-14 01:14:14,820   INFO   Epoch 28, train_loss 31.9426, train_pauc 0.17, val_loss 6.9772, val_pauc 0.18
2024-08-14 01:17:08,997   INFO   Epoch 29, train_loss 33.3100, train_pauc 0.17, val_loss 7.6377, val_pauc 0.18
2024-08-14 01:17:09,377   INFO   Fold 2
2024-08-14 01:20:03,996   INFO   Epoch 0, train_loss 87.8246, train_pauc 0.06, val_loss 37.7163, val_pauc 0.12 --> Best val_pauc 0.12 at epoch 0
2024-08-14 01:22:58,319   INFO   Epoch 1, train_loss 74.0330, train_pauc 0.08, val_loss 16.1168, val_pauc 0.14 --> Best val_pauc 0.14 at epoch 1
2024-08-14 01:25:52,640   INFO   Epoch 2, train_loss 62.1120, train_pauc 0.12, val_loss 11.0465, val_pauc 0.16 --> Best val_pauc 0.16 at epoch 2
2024-08-14 01:28:46,568   INFO   Epoch 3, train_loss 56.0735, train_pauc 0.14, val_loss 11.8482, val_pauc 0.15
2024-08-14 01:31:40,147   INFO   Epoch 4, train_loss 53.3669, train_pauc 0.14, val_loss 9.9726, val_pauc 0.16
2024-08-14 01:34:34,425   INFO   Epoch 5, train_loss 48.8508, train_pauc 0.15, val_loss 9.7810, val_pauc 0.16 --> Best val_pauc 0.16 at epoch 5
2024-08-14 01:37:28,543   INFO   Epoch 6, train_loss 49.0869, train_pauc 0.14, val_loss 9.2640, val_pauc 0.16 --> Best val_pauc 0.16 at epoch 6
2024-08-14 01:40:22,527   INFO   Epoch 7, train_loss 42.2075, train_pauc 0.16, val_loss 9.5054, val_pauc 0.17 --> Best val_pauc 0.17 at epoch 7
2024-08-14 01:43:16,331   INFO   Epoch 8, train_loss 45.7503, train_pauc 0.15, val_loss 13.5050, val_pauc 0.14
2024-08-14 01:46:09,566   INFO   Epoch 9, train_loss 44.9808, train_pauc 0.15, val_loss 10.8095, val_pauc 0.15
2024-08-14 01:49:03,245   INFO   Epoch 10, train_loss 44.8065, train_pauc 0.15, val_loss 8.7844, val_pauc 0.17 --> Best val_pauc 0.17 at epoch 10
2024-08-14 01:51:57,810   INFO   Epoch 11, train_loss 45.6157, train_pauc 0.15, val_loss 9.2535, val_pauc 0.15
2024-08-14 01:54:51,917   INFO   Epoch 12, train_loss 40.5304, train_pauc 0.16, val_loss 8.8048, val_pauc 0.16
2024-08-14 01:57:46,979   INFO   Epoch 13, train_loss 41.9871, train_pauc 0.16, val_loss 9.9080, val_pauc 0.16
2024-08-14 02:00:40,786   INFO   Epoch 14, train_loss 42.8760, train_pauc 0.15, val_loss 10.1229, val_pauc 0.16
2024-08-14 02:03:34,968   INFO   Epoch 15, train_loss 42.9444, train_pauc 0.15, val_loss 9.6594, val_pauc 0.16
2024-08-14 02:06:30,197   INFO   Epoch 16, train_loss 42.9629, train_pauc 0.15, val_loss 9.7498, val_pauc 0.16
2024-08-14 02:09:24,555   INFO   Epoch 17, train_loss 40.1194, train_pauc 0.16, val_loss 8.4079, val_pauc 0.17
2024-08-14 02:12:19,699   INFO   Epoch 18, train_loss 38.5748, train_pauc 0.16, val_loss 8.3495, val_pauc 0.17
2024-08-14 02:15:14,471   INFO   Epoch 19, train_loss 39.8712, train_pauc 0.16, val_loss 9.3618, val_pauc 0.16
2024-08-14 02:18:09,348   INFO   Epoch 20, train_loss 39.5815, train_pauc 0.16, val_loss 9.6822, val_pauc 0.16
2024-08-14 02:21:04,582   INFO   Epoch 21, train_loss 39.2244, train_pauc 0.16, val_loss 8.4374, val_pauc 0.17
2024-08-14 02:23:59,779   INFO   Epoch 22, train_loss 37.7415, train_pauc 0.16, val_loss 9.8932, val_pauc 0.16
2024-08-14 02:26:54,145   INFO   Epoch 23, train_loss 38.2979, train_pauc 0.16, val_loss 9.7177, val_pauc 0.15
2024-08-14 02:29:48,001   INFO   Epoch 24, train_loss 38.7796, train_pauc 0.16, val_loss 7.8167, val_pauc 0.17
2024-08-14 02:32:43,497   INFO   Epoch 25, train_loss 37.8558, train_pauc 0.16, val_loss 8.1549, val_pauc 0.17 --> Best val_pauc 0.17 at epoch 25
2024-08-14 02:35:39,078   INFO   Epoch 26, train_loss 35.3140, train_pauc 0.17, val_loss 7.7288, val_pauc 0.17
2024-08-14 02:38:35,103   INFO   Epoch 27, train_loss 36.0033, train_pauc 0.17, val_loss 8.5339, val_pauc 0.17 --> Best val_pauc 0.17 at epoch 27
2024-08-14 02:41:30,701   INFO   Epoch 28, train_loss 37.8881, train_pauc 0.16, val_loss 8.5718, val_pauc 0.17
2024-08-14 02:44:25,948   INFO   Epoch 29, train_loss 38.3337, train_pauc 0.16, val_loss 8.3548, val_pauc 0.16
2024-08-14 02:44:26,326   INFO   Fold 3
2024-08-14 02:47:21,973   INFO   Epoch 0, train_loss 89.5803, train_pauc 0.07, val_loss 32.4908, val_pauc 0.07 --> Best val_pauc 0.07 at epoch 0
2024-08-14 02:50:17,008   INFO   Epoch 1, train_loss 68.3773, train_pauc 0.11, val_loss 14.9658, val_pauc 0.14 --> Best val_pauc 0.14 at epoch 1
2024-08-14 02:53:13,196   INFO   Epoch 2, train_loss 59.0211, train_pauc 0.12, val_loss 13.0821, val_pauc 0.15 --> Best val_pauc 0.15 at epoch 2
2024-08-14 02:56:07,990   INFO   Epoch 3, train_loss 55.4866, train_pauc 0.14, val_loss 13.2766, val_pauc 0.15 --> Best val_pauc 0.15 at epoch 3
2024-08-14 02:59:03,561   INFO   Epoch 4, train_loss 48.0992, train_pauc 0.14, val_loss 12.3521, val_pauc 0.14
2024-08-14 10:12:45,760   INFO   TRAIN CV ---------------------------------
2024-08-14 10:12:45,924   INFO   Fold 3
2024-08-14 10:15:47,794   INFO   Epoch 0, train_loss 83.0107, train_pauc 0.08, val_loss 37.9651, val_pauc 0.12 --> Best val_pauc 0.12 at epoch 0
2024-08-14 10:18:40,382   INFO   Epoch 1, train_loss 62.8050, train_pauc 0.11, val_loss 19.2229, val_pauc 0.10
2024-08-14 10:21:34,230   INFO   Epoch 2, train_loss 65.4474, train_pauc 0.12, val_loss 49.3719, val_pauc 0.13 --> Best val_pauc 0.13 at epoch 2
2024-08-14 10:24:28,114   INFO   Epoch 3, train_loss 55.6112, train_pauc 0.13, val_loss 17.1499, val_pauc 0.15 --> Best val_pauc 0.15 at epoch 3
2024-08-14 10:27:27,007   INFO   Epoch 4, train_loss 51.4676, train_pauc 0.14, val_loss 12.6509, val_pauc 0.15 --> Best val_pauc 0.15 at epoch 4
2024-08-14 10:30:38,045   INFO   Epoch 5, train_loss 48.3143, train_pauc 0.15, val_loss 11.7110, val_pauc 0.15
2024-08-14 10:33:42,102   INFO   Epoch 6, train_loss 44.2906, train_pauc 0.15, val_loss 11.3363, val_pauc 0.14
2024-08-14 10:36:44,118   INFO   Epoch 7, train_loss 44.0726, train_pauc 0.15, val_loss 10.8488, val_pauc 0.16 --> Best val_pauc 0.16 at epoch 7
2024-08-14 10:39:44,542   INFO   Epoch 8, train_loss 42.3740, train_pauc 0.16, val_loss 11.0970, val_pauc 0.16 --> Best val_pauc 0.16 at epoch 8
2024-08-14 10:42:48,350   INFO   Epoch 9, train_loss 41.4399, train_pauc 0.16, val_loss 12.2136, val_pauc 0.14
2024-08-14 10:45:53,076   INFO   Epoch 10, train_loss 40.2685, train_pauc 0.16, val_loss 13.4601, val_pauc 0.15
2024-08-14 10:48:59,066   INFO   Epoch 11, train_loss 39.9266, train_pauc 0.16, val_loss 9.7203, val_pauc 0.16 --> Best val_pauc 0.16 at epoch 11
2024-08-14 10:51:55,601   INFO   Epoch 12, train_loss 41.6442, train_pauc 0.16, val_loss 13.0226, val_pauc 0.16
2024-08-14 10:54:51,071   INFO   Epoch 13, train_loss 39.3220, train_pauc 0.16, val_loss 13.9968, val_pauc 0.15
2024-08-14 10:57:46,074   INFO   Epoch 14, train_loss 41.4795, train_pauc 0.16, val_loss 10.2893, val_pauc 0.16
2024-08-14 11:00:42,070   INFO   Epoch 15, train_loss 38.2752, train_pauc 0.16, val_loss 10.5266, val_pauc 0.16 --> Best val_pauc 0.16 at epoch 15
2024-08-14 11:03:37,387   INFO   Epoch 16, train_loss 36.3745, train_pauc 0.16, val_loss 11.2216, val_pauc 0.16
2024-08-14 11:06:32,957   INFO   Epoch 17, train_loss 36.5145, train_pauc 0.17, val_loss 10.6346, val_pauc 0.16
2024-08-14 11:09:28,949   INFO   Epoch 18, train_loss 36.1958, train_pauc 0.17, val_loss 9.7304, val_pauc 0.16
2024-08-14 11:12:24,461   INFO   Epoch 19, train_loss 37.6049, train_pauc 0.16, val_loss 10.4478, val_pauc 0.16
2024-08-14 11:15:20,234   INFO   Epoch 20, train_loss 36.6969, train_pauc 0.16, val_loss 12.3053, val_pauc 0.14
2024-08-14 11:18:15,397   INFO   Epoch 21, train_loss 35.7870, train_pauc 0.16, val_loss 9.1258, val_pauc 0.17 --> Best val_pauc 0.17 at epoch 21
2024-08-14 11:21:10,312   INFO   Epoch 22, train_loss 33.9964, train_pauc 0.17, val_loss 9.3121, val_pauc 0.16
2024-08-14 11:24:06,346   INFO   Epoch 23, train_loss 35.7153, train_pauc 0.17, val_loss 10.5296, val_pauc 0.17 --> Best val_pauc 0.17 at epoch 23
2024-08-14 11:27:01,466   INFO   Epoch 24, train_loss 34.6628, train_pauc 0.17, val_loss 10.8258, val_pauc 0.16
2024-08-14 11:29:58,270   INFO   Epoch 25, train_loss 32.9381, train_pauc 0.17, val_loss 9.5364, val_pauc 0.16
2024-08-14 11:32:55,334   INFO   Epoch 26, train_loss 36.0184, train_pauc 0.17, val_loss 8.9892, val_pauc 0.17 --> Best val_pauc 0.17 at epoch 26
2024-08-14 11:35:51,656   INFO   Epoch 27, train_loss 33.7486, train_pauc 0.17, val_loss 10.2526, val_pauc 0.17
2024-08-14 11:38:46,458   INFO   Epoch 28, train_loss 33.9765, train_pauc 0.17, val_loss 8.9073, val_pauc 0.17 --> Best val_pauc 0.17 at epoch 28
2024-08-14 11:41:42,656   INFO   Epoch 29, train_loss 30.9011, train_pauc 0.17, val_loss 9.0318, val_pauc 0.17
2024-08-14 11:41:43,037   INFO   Fold 4
2024-08-14 11:44:40,195   INFO   Epoch 0, train_loss 77.9307, train_pauc 0.09, val_loss 27.8050, val_pauc 0.07 --> Best val_pauc 0.07 at epoch 0
2024-08-14 11:47:36,220   INFO   Epoch 1, train_loss 65.8607, train_pauc 0.11, val_loss 12.1565, val_pauc 0.15 --> Best val_pauc 0.15 at epoch 1
2024-08-14 11:50:31,808   INFO   Epoch 2, train_loss 57.6257, train_pauc 0.13, val_loss 10.6865, val_pauc 0.16 --> Best val_pauc 0.16 at epoch 2
2024-08-14 11:53:28,138   INFO   Epoch 3, train_loss 49.7960, train_pauc 0.14, val_loss 12.1458, val_pauc 0.15
2024-08-14 11:56:25,184   INFO   Epoch 4, train_loss 52.4987, train_pauc 0.14, val_loss 10.9275, val_pauc 0.17 --> Best val_pauc 0.17 at epoch 4
2024-08-14 11:59:21,212   INFO   Epoch 5, train_loss 46.2632, train_pauc 0.15, val_loss 10.0538, val_pauc 0.16
2024-08-14 12:02:17,887   INFO   Epoch 6, train_loss 46.3748, train_pauc 0.15, val_loss 10.3339, val_pauc 0.16
2024-08-14 12:05:14,862   INFO   Epoch 7, train_loss 45.4330, train_pauc 0.15, val_loss 9.2095, val_pauc 0.17
2024-08-14 12:08:11,582   INFO   Epoch 8, train_loss 41.5840, train_pauc 0.16, val_loss 9.1909, val_pauc 0.17
2024-08-14 12:11:06,396   INFO   Epoch 9, train_loss 40.0233, train_pauc 0.16, val_loss 9.1566, val_pauc 0.17 --> Best val_pauc 0.17 at epoch 9
2024-08-14 12:14:02,228   INFO   Epoch 10, train_loss 40.3354, train_pauc 0.16, val_loss 9.1599, val_pauc 0.16
2024-08-14 12:16:58,434   INFO   Epoch 11, train_loss 37.9995, train_pauc 0.16, val_loss 8.4748, val_pauc 0.17
2024-08-14 12:19:54,691   INFO   Epoch 12, train_loss 39.7608, train_pauc 0.16, val_loss 13.1835, val_pauc 0.16
2024-08-14 12:22:50,754   INFO   Epoch 13, train_loss 39.8272, train_pauc 0.16, val_loss 8.7721, val_pauc 0.17
2024-08-14 12:25:46,804   INFO   Epoch 14, train_loss 39.3399, train_pauc 0.16, val_loss 9.9412, val_pauc 0.17
2024-08-14 12:28:42,723   INFO   Epoch 15, train_loss 37.6801, train_pauc 0.17, val_loss 9.9457, val_pauc 0.16
2024-08-14 12:31:41,659   INFO   Epoch 16, train_loss 36.4880, train_pauc 0.16, val_loss 8.4444, val_pauc 0.17 --> Best val_pauc 0.17 at epoch 16
2024-08-14 12:34:38,459   INFO   Epoch 17, train_loss 37.4820, train_pauc 0.16, val_loss 9.1850, val_pauc 0.16
2024-08-14 12:37:34,832   INFO   Epoch 18, train_loss 36.9843, train_pauc 0.16, val_loss 9.0248, val_pauc 0.17
2024-08-14 12:40:29,845   INFO   Epoch 19, train_loss 35.7785, train_pauc 0.16, val_loss 9.4918, val_pauc 0.17
2024-08-14 12:43:26,929   INFO   Epoch 20, train_loss 33.5397, train_pauc 0.17, val_loss 9.4790, val_pauc 0.17
2024-08-14 12:46:23,489   INFO   Epoch 21, train_loss 34.9422, train_pauc 0.17, val_loss 8.0748, val_pauc 0.17
2024-08-14 12:49:20,564   INFO   Epoch 22, train_loss 34.8016, train_pauc 0.17, val_loss 9.1204, val_pauc 0.17
2024-08-14 12:52:16,728   INFO   Epoch 23, train_loss 34.7008, train_pauc 0.17, val_loss 8.5334, val_pauc 0.17
2024-08-14 12:55:13,246   INFO   Epoch 24, train_loss 33.3414, train_pauc 0.17, val_loss 9.4636, val_pauc 0.16
2024-08-14 12:58:10,193   INFO   Epoch 25, train_loss 37.3259, train_pauc 0.16, val_loss 8.7755, val_pauc 0.17
2024-08-14 13:01:06,738   INFO   Epoch 26, train_loss 38.2375, train_pauc 0.17, val_loss 8.4864, val_pauc 0.17
2024-08-14 13:04:02,887   INFO   Epoch 27, train_loss 35.8638, train_pauc 0.17, val_loss 9.7536, val_pauc 0.16
2024-08-14 13:06:59,376   INFO   Epoch 28, train_loss 30.7431, train_pauc 0.17, val_loss 10.3573, val_pauc 0.15
2024-08-14 13:09:56,660   INFO   Epoch 29, train_loss 33.7827, train_pauc 0.17, val_loss 9.6943, val_pauc 0.17
2024-08-14 13:39:20,701   INFO   TRAIN ALL---------------------------------
2024-08-14 14:29:40,193   INFO   TRAIN ALL---------------------------------
2024-08-14 14:33:46,771   INFO   train 3772, val 1014, train's mean tensor([0.6941, 0.5231, 0.4543]), train's std tensor([0.1614, 0.1560, 0.1664])
2024-08-14 14:44:19,190   INFO   TRAIN ALL---------------------------------
2024-08-14 14:48:20,831   INFO   train 3772, val 1014, train's mean tensor([0.6941, 0.5231, 0.4543]), train's std tensor([0.1614, 0.1560, 0.1664])
2024-08-14 14:51:14,863   INFO   Epoch 0, train_loss 80.3952, train_pauc 0.09, val_loss 26.2422, val_pauc 0.09 --> Best val_pauc 0.09 at epoch 0
2024-08-14 14:54:06,907   INFO   Epoch 1, train_loss 67.6261, train_pauc 0.11, val_loss 17.0274, val_pauc 0.15 --> Best val_pauc 0.15 at epoch 1
2024-08-14 14:56:58,558   INFO   Epoch 2, train_loss 54.2029, train_pauc 0.14, val_loss 15.4792, val_pauc 0.12
2024-08-14 14:59:50,910   INFO   Epoch 3, train_loss 52.6748, train_pauc 0.14, val_loss 16.3821, val_pauc 0.13
2024-08-14 15:02:44,147   INFO   Epoch 4, train_loss 58.6546, train_pauc 0.12, val_loss 15.0206, val_pauc 0.14
2024-08-14 15:05:38,218   INFO   Epoch 5, train_loss 50.2342, train_pauc 0.14, val_loss 14.2148, val_pauc 0.15
2024-08-14 15:08:32,253   INFO   Epoch 6, train_loss 44.8216, train_pauc 0.15, val_loss 10.2833, val_pauc 0.16 --> Best val_pauc 0.16 at epoch 6
2024-08-14 15:11:23,789   INFO   Epoch 7, train_loss 46.3981, train_pauc 0.15, val_loss 11.2994, val_pauc 0.16
2024-08-14 15:14:17,455   INFO   Epoch 8, train_loss 41.7636, train_pauc 0.16, val_loss 11.3257, val_pauc 0.17 --> Best val_pauc 0.17 at epoch 8
2024-08-14 15:17:10,889   INFO   Epoch 9, train_loss 43.1086, train_pauc 0.15, val_loss 14.3122, val_pauc 0.16
2024-08-14 15:20:02,497   INFO   Epoch 10, train_loss 42.6935, train_pauc 0.15, val_loss 11.7004, val_pauc 0.15
2024-08-14 15:22:54,229   INFO   Epoch 11, train_loss 38.2677, train_pauc 0.16, val_loss 10.9600, val_pauc 0.16
2024-08-14 15:25:46,742   INFO   Epoch 12, train_loss 40.6855, train_pauc 0.16, val_loss 10.8266, val_pauc 0.16
2024-08-14 15:28:39,424   INFO   Epoch 13, train_loss 38.3960, train_pauc 0.16, val_loss 10.8339, val_pauc 0.16
2024-08-14 15:31:31,674   INFO   Epoch 14, train_loss 39.1822, train_pauc 0.16, val_loss 12.0506, val_pauc 0.16
2024-08-14 15:34:25,740   INFO   Epoch 15, train_loss 42.0158, train_pauc 0.16, val_loss 9.8352, val_pauc 0.17 --> Best val_pauc 0.17 at epoch 15
2024-08-14 15:37:19,506   INFO   Epoch 16, train_loss 37.7633, train_pauc 0.16, val_loss 9.9242, val_pauc 0.17
2024-08-14 15:40:13,273   INFO   Epoch 17, train_loss 37.6098, train_pauc 0.16, val_loss 10.6912, val_pauc 0.16
2024-08-14 15:43:07,204   INFO   Epoch 18, train_loss 37.2286, train_pauc 0.17, val_loss 11.6444, val_pauc 0.16
2024-08-14 15:46:01,429   INFO   Epoch 19, train_loss 38.9928, train_pauc 0.16, val_loss 9.3934, val_pauc 0.17
2024-08-14 15:48:55,851   INFO   Epoch 20, train_loss 35.9563, train_pauc 0.17, val_loss 11.7287, val_pauc 0.17
2024-08-14 15:51:49,451   INFO   Epoch 21, train_loss 36.0773, train_pauc 0.17, val_loss 9.5562, val_pauc 0.17
2024-08-14 15:54:43,537   INFO   Epoch 22, train_loss 35.3217, train_pauc 0.17, val_loss 9.8687, val_pauc 0.16
2024-08-14 15:57:38,273   INFO   Epoch 23, train_loss 35.6375, train_pauc 0.17, val_loss 8.4157, val_pauc 0.17 --> Best val_pauc 0.17 at epoch 23
2024-08-14 16:00:33,823   INFO   Epoch 24, train_loss 34.3900, train_pauc 0.17, val_loss 9.8478, val_pauc 0.17
2024-08-14 16:03:29,543   INFO   Epoch 25, train_loss 35.1676, train_pauc 0.17, val_loss 10.8656, val_pauc 0.16
2024-08-14 16:06:24,197   INFO   Epoch 26, train_loss 33.6171, train_pauc 0.17, val_loss 10.1191, val_pauc 0.17
2024-08-14 16:09:18,897   INFO   Epoch 27, train_loss 32.2356, train_pauc 0.17, val_loss 9.6651, val_pauc 0.17
2024-08-14 16:12:12,767   INFO   Epoch 28, train_loss 32.9565, train_pauc 0.17, val_loss 9.1797, val_pauc 0.17
2024-08-14 16:15:06,500   INFO   Epoch 29, train_loss 34.8743, train_pauc 0.17, val_loss 10.2968, val_pauc 0.17
